2025-07-23T13:25:57.690+02:00  INFO 5092 --- [S5-02-Virtual-Pet-App] [restartedMain] S.S502VirtualPetAppApplication           : Starting S502VirtualPetAppApplication using Java 21.0.7 with PID 5092 (C:\Users\Rio\IdeaProjects\S5-02-Virtual-Pet-App\target\classes started by Rio in C:\Users\Rio\IdeaProjects\S5-02-Virtual-Pet-App)
2025-07-23T13:25:57.692+02:00 DEBUG 5092 --- [S5-02-Virtual-Pet-App] [restartedMain] S.S502VirtualPetAppApplication           : Running with Spring Boot v3.5.3, Spring v6.2.8
2025-07-23T13:25:57.693+02:00  INFO 5092 --- [S5-02-Virtual-Pet-App] [restartedMain] S.S502VirtualPetAppApplication           : No active profile set, falling back to 1 default profile: "default"
2025-07-23T13:25:57.735+02:00  INFO 5092 --- [S5-02-Virtual-Pet-App] [restartedMain] .e.DevToolsPropertyDefaultsPostProcessor : Devtools property defaults active! Set 'spring.devtools.add-properties' to 'false' to disable
2025-07-23T13:25:57.736+02:00  INFO 5092 --- [S5-02-Virtual-Pet-App] [restartedMain] .e.DevToolsPropertyDefaultsPostProcessor : For additional web related logging consider setting the 'logging.level.web' property to 'DEBUG'
2025-07-23T13:25:58.413+02:00  INFO 5092 --- [S5-02-Virtual-Pet-App] [restartedMain] .s.d.r.c.RepositoryConfigurationDelegate : Bootstrapping Spring Data MongoDB repositories in DEFAULT mode.
2025-07-23T13:25:58.465+02:00  INFO 5092 --- [S5-02-Virtual-Pet-App] [restartedMain] .s.d.r.c.RepositoryConfigurationDelegate : Finished Spring Data repository scanning in 47 ms. Found 2 MongoDB repository interfaces.
2025-07-23T13:25:58.871+02:00  INFO 5092 --- [S5-02-Virtual-Pet-App] [restartedMain] o.s.b.w.embedded.tomcat.TomcatWebServer  : Tomcat initialized with port 8080 (http)
2025-07-23T13:25:58.885+02:00  INFO 5092 --- [S5-02-Virtual-Pet-App] [restartedMain] o.apache.catalina.core.StandardService   : Starting service [Tomcat]
2025-07-23T13:25:58.885+02:00  INFO 5092 --- [S5-02-Virtual-Pet-App] [restartedMain] o.apache.catalina.core.StandardEngine    : Starting Servlet engine: [Apache Tomcat/10.1.42]
2025-07-23T13:25:58.920+02:00  INFO 5092 --- [S5-02-Virtual-Pet-App] [restartedMain] o.a.c.c.C.[Tomcat].[localhost].[/]       : Initializing Spring embedded WebApplicationContext
2025-07-23T13:25:58.921+02:00  INFO 5092 --- [S5-02-Virtual-Pet-App] [restartedMain] w.s.c.ServletWebServerApplicationContext : Root WebApplicationContext: initialization completed in 1172 ms
2025-07-23T13:25:59.061+02:00  INFO 5092 --- [S5-02-Virtual-Pet-App] [restartedMain] org.mongodb.driver.client                : MongoClient with metadata {"driver": {"name": "mongo-java-driver|sync|spring-boot", "version": "5.5.1"}, "os": {"type": "Windows", "name": "Windows 11", "architecture": "amd64", "version": "10.0"}, "platform": "Java/Oracle Corporation/21.0.7+8-LTS-245"} created with settings MongoClientSettings{readPreference=primary, writeConcern=WriteConcern{w=null, wTimeout=null ms, journal=null}, retryWrites=true, retryReads=true, readConcern=ReadConcern{level=null}, credential=null, transportSettings=null, commandListeners=[], codecRegistry=ProvidersCodecRegistry{codecProviders=[ValueCodecProvider{}, BsonValueCodecProvider{}, DBRefCodecProvider{}, DBObjectCodecProvider{}, DocumentCodecProvider{}, CollectionCodecProvider{}, IterableCodecProvider{}, MapCodecProvider{}, GeoJsonCodecProvider{}, GridFSFileCodecProvider{}, Jsr310CodecProvider{}, JsonObjectCodecProvider{}, BsonCodecProvider{}, EnumCodecProvider{}, com.mongodb.client.model.mql.ExpressionCodecProvider@2a6cae61, com.mongodb.Jep395RecordCodecProvider@4c8d0909, com.mongodb.KotlinCodecProvider@6b8edebc]}, loggerSettings=LoggerSettings{maxDocumentLength=1000}, clusterSettings={hosts=[localhost:27017], srvServiceName=mongodb, mode=SINGLE, requiredClusterType=UNKNOWN, requiredReplicaSetName='null', serverSelector='null', clusterListeners='[]', serverSelectionTimeout='30000 ms', localThreshold='15 ms'}, socketSettings=SocketSettings{connectTimeoutMS=10000, readTimeoutMS=0, receiveBufferSize=0, proxySettings=ProxySettings{host=null, port=null, username=null, password=null}}, heartbeatSocketSettings=SocketSettings{connectTimeoutMS=10000, readTimeoutMS=10000, receiveBufferSize=0, proxySettings=ProxySettings{host=null, port=null, username=null, password=null}}, connectionPoolSettings=ConnectionPoolSettings{maxSize=100, minSize=0, maxWaitTimeMS=120000, maxConnectionLifeTimeMS=0, maxConnectionIdleTimeMS=0, maintenanceInitialDelayMS=0, maintenanceFrequencyMS=60000, connectionPoolListeners=[], maxConnecting=2}, serverSettings=ServerSettings{heartbeatFrequencyMS=10000, minHeartbeatFrequencyMS=500, serverMonitoringMode=AUTO, serverListeners='[]', serverMonitorListeners='[]'}, sslSettings=SslSettings{enabled=false, invalidHostNameAllowed=false, context=null}, applicationName='null', compressorList=[], uuidRepresentation=JAVA_LEGACY, serverApi=null, autoEncryptionSettings=null, dnsClient=null, inetAddressResolver=null, contextProvider=null, timeoutMS=null}
2025-07-23T13:25:59.066+02:00  INFO 5092 --- [S5-02-Virtual-Pet-App] [cluster-ClusterId{value='6880c6c71fb3a6620447f271', description='null'}-localhost:27017] org.mongodb.driver.cluster               : Exception in monitor thread while connecting to server localhost:27017

com.mongodb.MongoSocketOpenException: Exception opening socket
	at com.mongodb.internal.connection.SocketStream.lambda$open$0(SocketStream.java:85) ~[mongodb-driver-core-5.5.1.jar:na]
	at java.base/java.util.Optional.orElseThrow(Optional.java:403) ~[na:na]
	at com.mongodb.internal.connection.SocketStream.open(SocketStream.java:85) ~[mongodb-driver-core-5.5.1.jar:na]
	at com.mongodb.internal.connection.InternalStreamConnection.open(InternalStreamConnection.java:233) ~[mongodb-driver-core-5.5.1.jar:na]
	at com.mongodb.internal.connection.DefaultServerMonitor$ServerMonitor.lookupServerDescription(DefaultServerMonitor.java:219) ~[mongodb-driver-core-5.5.1.jar:na]
	at com.mongodb.internal.connection.DefaultServerMonitor$ServerMonitor.run(DefaultServerMonitor.java:176) ~[mongodb-driver-core-5.5.1.jar:na]
Caused by: java.net.ConnectException: Connection refused: getsockopt
	at java.base/sun.nio.ch.Net.pollConnect(Native Method) ~[na:na]
	at java.base/sun.nio.ch.Net.pollConnectNow(Net.java:682) ~[na:na]
	at java.base/sun.nio.ch.NioSocketImpl.timedFinishConnect(NioSocketImpl.java:542) ~[na:na]
	at java.base/sun.nio.ch.NioSocketImpl.connect(NioSocketImpl.java:592) ~[na:na]
	at java.base/java.net.SocksSocketImpl.connect(SocksSocketImpl.java:327) ~[na:na]
	at java.base/java.net.Socket.connect(Socket.java:751) ~[na:na]
	at com.mongodb.internal.connection.SocketStreamHelper.initialize(SocketStreamHelper.java:76) ~[mongodb-driver-core-5.5.1.jar:na]
	at com.mongodb.internal.connection.SocketStream.initializeSocket(SocketStream.java:104) ~[mongodb-driver-core-5.5.1.jar:na]
	at com.mongodb.internal.connection.SocketStream.open(SocketStream.java:79) ~[mongodb-driver-core-5.5.1.jar:na]
	... 3 common frames omitted

2025-07-23T13:25:59.413+02:00 DEBUG 5092 --- [S5-02-Virtual-Pet-App] [restartedMain] S.security.JwtAuthFilter                 : Filter 'jwtAuthFilter' configured for use
2025-07-23T13:25:59.428+02:00  INFO 5092 --- [S5-02-Virtual-Pet-App] [restartedMain] o.s.b.d.a.OptionalLiveReloadServer       : LiveReload server is running on port 35729
2025-07-23T13:25:59.717+02:00  INFO 5092 --- [S5-02-Virtual-Pet-App] [restartedMain] eAuthenticationProviderManagerConfigurer : Global AuthenticationManager configured with AuthenticationProvider bean with name daoAuthenticationProvider
2025-07-23T13:25:59.718+02:00  WARN 5092 --- [S5-02-Virtual-Pet-App] [restartedMain] r$InitializeUserDetailsManagerConfigurer : Global AuthenticationManager configured with an AuthenticationProvider bean. UserDetailsService beans will not be used by Spring Security for automatically configuring username/password login. Consider removing the AuthenticationProvider bean. Alternatively, consider using the UserDetailsService in a manually instantiated DaoAuthenticationProvider. If the current configuration is intentional, to turn off this warning, increase the logging level of 'org.springframework.security.config.annotation.authentication.configuration.InitializeUserDetailsBeanManagerConfigurer' to ERROR
2025-07-23T13:26:00.037+02:00  INFO 5092 --- [S5-02-Virtual-Pet-App] [restartedMain] o.s.b.w.embedded.tomcat.TomcatWebServer  : Tomcat started on port 8080 (http) with context path '/'
2025-07-23T13:26:00.043+02:00  INFO 5092 --- [S5-02-Virtual-Pet-App] [restartedMain] S.S502VirtualPetAppApplication           : Started S502VirtualPetAppApplication in 2.719 seconds (process running for 3.063)
2025-07-23T13:26:00.088+02:00  INFO 5092 --- [S5-02-Virtual-Pet-App] [http-nio-8080-exec-1] o.a.c.c.C.[Tomcat].[localhost].[/]       : Initializing Spring DispatcherServlet 'dispatcherServlet'
2025-07-23T13:26:00.088+02:00  INFO 5092 --- [S5-02-Virtual-Pet-App] [http-nio-8080-exec-1] o.s.web.servlet.DispatcherServlet        : Initializing Servlet 'dispatcherServlet'
2025-07-23T13:26:00.089+02:00  INFO 5092 --- [S5-02-Virtual-Pet-App] [http-nio-8080-exec-1] o.s.web.servlet.DispatcherServlet        : Completed initialization in 1 ms
2025-07-23T13:26:00.099+02:00  INFO 5092 --- [S5-02-Virtual-Pet-App] [restartedMain] org.mongodb.driver.cluster               : Waiting for server to become available for operation with ID 3. Remaining time: 29994 ms. Selector: ReadPreferenceServerSelector{readPreference=primary}, topology description: {type=UNKNOWN, servers=[{address=localhost:27017, type=UNKNOWN, state=CONNECTING, exception={com.mongodb.MongoSocketOpenException: Exception opening socket}, caused by {java.net.ConnectException: Connection refused: getsockopt}}].
2025-07-23T13:26:00.107+02:00  INFO 5092 --- [S5-02-Virtual-Pet-App] [http-nio-8080-exec-1] S.security.JwtAuthFilter                 : shouldNotFilter? /swagger-ui/index.html -> true
2025-07-23T13:26:00.112+02:00  INFO 5092 --- [S5-02-Virtual-Pet-App] [http-nio-8080-exec-1] S.security.JwtAuthFilter                 : shouldNotFilter? /swagger-ui/index.html -> true
2025-07-23T13:26:00.156+02:00  INFO 5092 --- [S5-02-Virtual-Pet-App] [http-nio-8080-exec-8] S.security.JwtAuthFilter                 : shouldNotFilter? /swagger-ui/swagger-ui.css -> true
2025-07-23T13:26:00.156+02:00  INFO 5092 --- [S5-02-Virtual-Pet-App] [http-nio-8080-exec-8] S.security.JwtAuthFilter                 : shouldNotFilter? /swagger-ui/swagger-ui.css -> true
2025-07-23T13:26:00.159+02:00  INFO 5092 --- [S5-02-Virtual-Pet-App] [http-nio-8080-exec-3] S.security.JwtAuthFilter                 : shouldNotFilter? /swagger-ui/index.css -> true
2025-07-23T13:26:00.159+02:00  INFO 5092 --- [S5-02-Virtual-Pet-App] [http-nio-8080-exec-6] S.security.JwtAuthFilter                 : shouldNotFilter? /swagger-ui/swagger-ui-standalone-preset.js -> true
2025-07-23T13:26:00.159+02:00  INFO 5092 --- [S5-02-Virtual-Pet-App] [http-nio-8080-exec-4] S.security.JwtAuthFilter                 : shouldNotFilter? /swagger-ui/swagger-ui-bundle.js -> true
2025-07-23T13:26:00.160+02:00  INFO 5092 --- [S5-02-Virtual-Pet-App] [http-nio-8080-exec-4] S.security.JwtAuthFilter                 : shouldNotFilter? /swagger-ui/swagger-ui-bundle.js -> true
2025-07-23T13:26:00.160+02:00  INFO 5092 --- [S5-02-Virtual-Pet-App] [http-nio-8080-exec-3] S.security.JwtAuthFilter                 : shouldNotFilter? /swagger-ui/index.css -> true
2025-07-23T13:26:00.160+02:00  INFO 5092 --- [S5-02-Virtual-Pet-App] [http-nio-8080-exec-6] S.security.JwtAuthFilter                 : shouldNotFilter? /swagger-ui/swagger-ui-standalone-preset.js -> true
2025-07-23T13:26:00.167+02:00  INFO 5092 --- [S5-02-Virtual-Pet-App] [http-nio-8080-exec-5] S.security.JwtAuthFilter                 : shouldNotFilter? /swagger-ui/swagger-initializer.js -> true
2025-07-23T13:26:00.168+02:00  INFO 5092 --- [S5-02-Virtual-Pet-App] [http-nio-8080-exec-5] S.security.JwtAuthFilter                 : shouldNotFilter? /swagger-ui/swagger-initializer.js -> true
2025-07-23T13:26:00.302+02:00  INFO 5092 --- [S5-02-Virtual-Pet-App] [http-nio-8080-exec-7] S.security.JwtAuthFilter                 : shouldNotFilter? /v3/api-docs/swagger-config -> true
2025-07-23T13:26:00.303+02:00  INFO 5092 --- [S5-02-Virtual-Pet-App] [http-nio-8080-exec-7] S.security.JwtAuthFilter                 : shouldNotFilter? /v3/api-docs/swagger-config -> true
2025-07-23T13:26:00.335+02:00  INFO 5092 --- [S5-02-Virtual-Pet-App] [http-nio-8080-exec-9] S.security.JwtAuthFilter                 : shouldNotFilter? /v3/api-docs -> true
2025-07-23T13:26:00.335+02:00  INFO 5092 --- [S5-02-Virtual-Pet-App] [http-nio-8080-exec-9] S.security.JwtAuthFilter                 : shouldNotFilter? /v3/api-docs -> true
2025-07-23T13:26:00.678+02:00  INFO 5092 --- [S5-02-Virtual-Pet-App] [http-nio-8080-exec-9] o.springdoc.api.AbstractOpenApiResource  : Init duration for springdoc-openapi is: 335 ms
2025-07-23T13:26:30.104+02:00  INFO 5092 --- [S5-02-Virtual-Pet-App] [restartedMain] .s.b.a.l.ConditionEvaluationReportLogger : 

Error starting ApplicationContext. To display the condition evaluation report re-run your application with 'debug' enabled.
2025-07-23T13:26:30.122+02:00 ERROR 5092 --- [S5-02-Virtual-Pet-App] [restartedMain] o.s.boot.SpringApplication               : Application run failed

org.springframework.dao.DataAccessResourceFailureException: Timed out while waiting for a server that matches ReadPreferenceServerSelector{readPreference=primary}. Client view of cluster state is {type=UNKNOWN, servers=[{address=localhost:27017, type=UNKNOWN, state=CONNECTING, exception={com.mongodb.MongoSocketOpenException: Exception opening socket}, caused by {java.net.ConnectException: Connection refused: getsockopt}}]
	at org.springframework.data.mongodb.core.MongoExceptionTranslator.doTranslateException(MongoExceptionTranslator.java:97) ~[spring-data-mongodb-4.5.1.jar:4.5.1]
	at org.springframework.data.mongodb.core.MongoExceptionTranslator.translateExceptionIfPossible(MongoExceptionTranslator.java:74) ~[spring-data-mongodb-4.5.1.jar:4.5.1]
	at org.springframework.data.mongodb.core.MongoTemplate.potentiallyConvertRuntimeException(MongoTemplate.java:3033) ~[spring-data-mongodb-4.5.1.jar:4.5.1]
	at org.springframework.data.mongodb.core.MongoTemplate.executeFindMultiInternal(MongoTemplate.java:2953) ~[spring-data-mongodb-4.5.1.jar:4.5.1]
	at org.springframework.data.mongodb.core.MongoTemplate.doFind(MongoTemplate.java:2652) ~[spring-data-mongodb-4.5.1.jar:4.5.1]
	at org.springframework.data.mongodb.core.ExecutableFindOperationSupport$ExecutableFindSupport.doFind(ExecutableFindOperationSupport.java:178) ~[spring-data-mongodb-4.5.1.jar:4.5.1]
	at org.springframework.data.mongodb.core.ExecutableFindOperationSupport$ExecutableFindSupport.oneValue(ExecutableFindOperationSupport.java:113) ~[spring-data-mongodb-4.5.1.jar:4.5.1]
	at org.springframework.data.mongodb.repository.query.AbstractMongoQuery.lambda$getExecution$8(AbstractMongoQuery.java:239) ~[spring-data-mongodb-4.5.1.jar:4.5.1]
	at org.springframework.data.mongodb.repository.query.AbstractMongoQuery.doExecute(AbstractMongoQuery.java:184) ~[spring-data-mongodb-4.5.1.jar:4.5.1]
	at org.springframework.data.mongodb.repository.query.AbstractMongoQuery.execute(AbstractMongoQuery.java:156) ~[spring-data-mongodb-4.5.1.jar:4.5.1]
	at org.springframework.data.repository.core.support.RepositoryMethodInvoker.doInvoke(RepositoryMethodInvoker.java:170) ~[spring-data-commons-3.5.1.jar:3.5.1]
	at org.springframework.data.repository.core.support.RepositoryMethodInvoker.invoke(RepositoryMethodInvoker.java:158) ~[spring-data-commons-3.5.1.jar:3.5.1]
	at org.springframework.data.repository.core.support.QueryExecutorMethodInterceptor.doInvoke(QueryExecutorMethodInterceptor.java:170) ~[spring-data-commons-3.5.1.jar:3.5.1]
	at org.springframework.data.repository.core.support.QueryExecutorMethodInterceptor.invoke(QueryExecutorMethodInterceptor.java:149) ~[spring-data-commons-3.5.1.jar:3.5.1]
	at org.springframework.aop.framework.ReflectiveMethodInvocation.proceed(ReflectiveMethodInvocation.java:184) ~[spring-aop-6.2.8.jar:6.2.8]
	at org.springframework.data.projection.DefaultMethodInvokingMethodInterceptor.invoke(DefaultMethodInvokingMethodInterceptor.java:69) ~[spring-data-commons-3.5.1.jar:3.5.1]
	at org.springframework.aop.framework.ReflectiveMethodInvocation.proceed(ReflectiveMethodInvocation.java:184) ~[spring-aop-6.2.8.jar:6.2.8]
	at org.springframework.data.mongodb.repository.support.CrudMethodMetadataPostProcessor$CrudMethodMetadataPopulatingMethodInterceptor.invoke(CrudMethodMetadataPostProcessor.java:129) ~[spring-data-mongodb-4.5.1.jar:4.5.1]
	at org.springframework.aop.framework.ReflectiveMethodInvocation.proceed(ReflectiveMethodInvocation.java:184) ~[spring-aop-6.2.8.jar:6.2.8]
	at org.springframework.aop.framework.JdkDynamicAopProxy.invoke(JdkDynamicAopProxy.java:223) ~[spring-aop-6.2.8.jar:6.2.8]
	at jdk.proxy3/jdk.proxy3.$Proxy95.findByUsername(Unknown Source) ~[na:na]
	at java.base/jdk.internal.reflect.DirectMethodHandleAccessor.invoke(DirectMethodHandleAccessor.java:103) ~[na:na]
	at java.base/java.lang.reflect.Method.invoke(Method.java:580) ~[na:na]
	at org.springframework.aop.support.AopUtils.invokeJoinpointUsingReflection(AopUtils.java:359) ~[spring-aop-6.2.8.jar:6.2.8]
	at org.springframework.aop.framework.ReflectiveMethodInvocation.invokeJoinpoint(ReflectiveMethodInvocation.java:196) ~[spring-aop-6.2.8.jar:6.2.8]
	at org.springframework.aop.framework.ReflectiveMethodInvocation.proceed(ReflectiveMethodInvocation.java:163) ~[spring-aop-6.2.8.jar:6.2.8]
	at org.springframework.dao.support.PersistenceExceptionTranslationInterceptor.invoke(PersistenceExceptionTranslationInterceptor.java:138) ~[spring-tx-6.2.8.jar:6.2.8]
	at org.springframework.aop.framework.ReflectiveMethodInvocation.proceed(ReflectiveMethodInvocation.java:184) ~[spring-aop-6.2.8.jar:6.2.8]
	at org.springframework.aop.framework.JdkDynamicAopProxy.invoke(JdkDynamicAopProxy.java:223) ~[spring-aop-6.2.8.jar:6.2.8]
	at jdk.proxy3/jdk.proxy3.$Proxy95.findByUsername(Unknown Source) ~[na:na]
	at S502VirtualPetApp.config.DataInitializer.lambda$initAdmin$0(DataInitializer.java:19) ~[classes/:na]
	at org.springframework.boot.SpringApplication.lambda$callRunner$5(SpringApplication.java:788) ~[spring-boot-3.5.3.jar:3.5.3]
	at org.springframework.util.function.ThrowingConsumer$1.acceptWithException(ThrowingConsumer.java:82) ~[spring-core-6.2.8.jar:6.2.8]
	at org.springframework.util.function.ThrowingConsumer.accept(ThrowingConsumer.java:60) ~[spring-core-6.2.8.jar:6.2.8]
	at org.springframework.util.function.ThrowingConsumer$1.accept(ThrowingConsumer.java:86) ~[spring-core-6.2.8.jar:6.2.8]
	at org.springframework.boot.SpringApplication.callRunner(SpringApplication.java:796) ~[spring-boot-3.5.3.jar:3.5.3]
	at org.springframework.boot.SpringApplication.callRunner(SpringApplication.java:787) ~[spring-boot-3.5.3.jar:3.5.3]
	at org.springframework.boot.SpringApplication.lambda$callRunners$3(SpringApplication.java:772) ~[spring-boot-3.5.3.jar:3.5.3]
	at java.base/java.util.stream.ForEachOps$ForEachOp$OfRef.accept(ForEachOps.java:184) ~[na:na]
	at java.base/java.util.stream.SortedOps$SizedRefSortingSink.end(SortedOps.java:357) ~[na:na]
	at java.base/java.util.stream.AbstractPipeline.copyInto(AbstractPipeline.java:510) ~[na:na]
	at java.base/java.util.stream.AbstractPipeline.wrapAndCopyInto(AbstractPipeline.java:499) ~[na:na]
	at java.base/java.util.stream.ForEachOps$ForEachOp.evaluateSequential(ForEachOps.java:151) ~[na:na]
	at java.base/java.util.stream.ForEachOps$ForEachOp$OfRef.evaluateSequential(ForEachOps.java:174) ~[na:na]
	at java.base/java.util.stream.AbstractPipeline.evaluate(AbstractPipeline.java:234) ~[na:na]
	at java.base/java.util.stream.ReferencePipeline.forEach(ReferencePipeline.java:596) ~[na:na]
	at org.springframework.boot.SpringApplication.callRunners(SpringApplication.java:772) ~[spring-boot-3.5.3.jar:3.5.3]
	at org.springframework.boot.SpringApplication.run(SpringApplication.java:325) ~[spring-boot-3.5.3.jar:3.5.3]
	at org.springframework.boot.SpringApplication.run(SpringApplication.java:1361) ~[spring-boot-3.5.3.jar:3.5.3]
	at org.springframework.boot.SpringApplication.run(SpringApplication.java:1350) ~[spring-boot-3.5.3.jar:3.5.3]
	at S502VirtualPetApp.S502MeditationBuddysAppApplication.main(S502VirtualPetAppApplication.java:12) ~[classes/:na]
	at java.base/jdk.internal.reflect.DirectMethodHandleAccessor.invoke(DirectMethodHandleAccessor.java:103) ~[na:na]
	at java.base/java.lang.reflect.Method.invoke(Method.java:580) ~[na:na]
	at org.springframework.boot.devtools.restart.RestartLauncher.run(RestartLauncher.java:50) ~[spring-boot-devtools-3.5.3.jar:3.5.3]
Caused by: com.mongodb.MongoTimeoutException: Timed out while waiting for a server that matches ReadPreferenceServerSelector{readPreference=primary}. Client view of cluster state is {type=UNKNOWN, servers=[{address=localhost:27017, type=UNKNOWN, state=CONNECTING, exception={com.mongodb.MongoSocketOpenException: Exception opening socket}, caused by {java.net.ConnectException: Connection refused: getsockopt}}]
	at com.mongodb.internal.connection.BaseCluster.logAndThrowTimeoutException(BaseCluster.java:427) ~[mongodb-driver-core-5.5.1.jar:na]
	at com.mongodb.internal.connection.BaseCluster.lambda$selectServer$0(BaseCluster.java:154) ~[mongodb-driver-core-5.5.1.jar:na]
	at com.mongodb.internal.time.Timeout.lambda$onExistsAndExpired$16(Timeout.java:236) ~[mongodb-driver-core-5.5.1.jar:na]
	at com.mongodb.internal.time.Timeout.lambda$run$10(Timeout.java:201) ~[mongodb-driver-core-5.5.1.jar:na]
	at com.mongodb.internal.time.TimePoint.checkedCall(TimePoint.java:99) ~[mongodb-driver-core-5.5.1.jar:na]
	at com.mongodb.internal.time.Timeout.call(Timeout.java:174) ~[mongodb-driver-core-5.5.1.jar:na]
	at com.mongodb.internal.time.Timeout.run(Timeout.java:194) ~[mongodb-driver-core-5.5.1.jar:na]
	at com.mongodb.internal.time.Timeout.onExistsAndExpired(Timeout.java:233) ~[mongodb-driver-core-5.5.1.jar:na]
	at com.mongodb.internal.time.Timeout.onExpired(Timeout.java:226) ~[mongodb-driver-core-5.5.1.jar:na]
	at com.mongodb.internal.connection.BaseCluster.selectServer(BaseCluster.java:153) ~[mongodb-driver-core-5.5.1.jar:na]
	at com.mongodb.internal.connection.SingleServerCluster.selectServer(SingleServerCluster.java:47) ~[mongodb-driver-core-5.5.1.jar:na]
	at com.mongodb.internal.binding.ClusterBinding.getReadConnectionSource(ClusterBinding.java:82) ~[mongodb-driver-core-5.5.1.jar:na]
	at com.mongodb.client.internal.ClientSessionBinding.getConnectionSource(ClientSessionBinding.java:108) ~[mongodb-driver-sync-5.5.1.jar:na]
	at com.mongodb.client.internal.ClientSessionBinding.getReadConnectionSource(ClientSessionBinding.java:88) ~[mongodb-driver-sync-5.5.1.jar:na]
	at com.mongodb.internal.operation.SyncOperationHelper.withSuppliedResource(SyncOperationHelper.java:148) ~[mongodb-driver-core-5.5.1.jar:na]
	at com.mongodb.internal.operation.SyncOperationHelper.withSourceAndConnection(SyncOperationHelper.java:129) ~[mongodb-driver-core-5.5.1.jar:na]
	at com.mongodb.internal.operation.FindOperation.lambda$execute$2(FindOperation.java:296) ~[mongodb-driver-core-5.5.1.jar:na]
	at com.mongodb.internal.operation.SyncOperationHelper.lambda$decorateReadWithRetries$13(SyncOperationHelper.java:317) ~[mongodb-driver-core-5.5.1.jar:na]
	at com.mongodb.internal.async.function.RetryingSyncSupplier.get(RetryingSyncSupplier.java:67) ~[mongodb-driver-core-5.5.1.jar:na]
	at com.mongodb.internal.operation.FindOperation.execute(FindOperation.java:307) ~[mongodb-driver-core-5.5.1.jar:na]
	at com.mongodb.internal.operation.FindOperation.execute(FindOperation.java:70) ~[mongodb-driver-core-5.5.1.jar:na]
	at com.mongodb.client.internal.MongoClusterImpl$OperationExecutorImpl.execute(MongoClusterImpl.java:424) ~[mongodb-driver-sync-5.5.1.jar:na]
	at com.mongodb.client.internal.MongoIterableImpl.execute(MongoIterableImpl.java:156) ~[mongodb-driver-sync-5.5.1.jar:na]
	at com.mongodb.client.internal.MongoIterableImpl.iterator(MongoIterableImpl.java:116) ~[mongodb-driver-sync-5.5.1.jar:na]
	at org.springframework.data.mongodb.core.MongoTemplate.executeFindMultiInternal(MongoTemplate.java:2940) ~[spring-data-mongodb-4.5.1.jar:4.5.1]
	... 50 common frames omitted

2025-07-23T13:26:30.147+02:00  INFO 5092 --- [S5-02-Virtual-Pet-App] [restartedMain] o.s.b.w.e.tomcat.GracefulShutdown        : Commencing graceful shutdown. Waiting for active requests to complete
2025-07-23T13:26:30.155+02:00  INFO 5092 --- [S5-02-Virtual-Pet-App] [tomcat-shutdown] o.s.b.w.e.tomcat.GracefulShutdown        : Graceful shutdown complete
2025-07-23T13:28:32.693+02:00  INFO 10624 --- [S5-02-Virtual-Pet-App] [restartedMain] S.S502VirtualPetAppApplication           : Starting S502VirtualPetAppApplication using Java 21.0.7 with PID 10624 (C:\Users\Rio\IdeaProjects\S5-02-Virtual-Pet-App\target\classes started by Rio in C:\Users\Rio\IdeaProjects\S5-02-Virtual-Pet-App)
2025-07-23T13:28:32.695+02:00 DEBUG 10624 --- [S5-02-Virtual-Pet-App] [restartedMain] S.S502VirtualPetAppApplication           : Running with Spring Boot v3.5.3, Spring v6.2.8
2025-07-23T13:28:32.696+02:00  INFO 10624 --- [S5-02-Virtual-Pet-App] [restartedMain] S.S502VirtualPetAppApplication           : No active profile set, falling back to 1 default profile: "default"
2025-07-23T13:28:32.734+02:00  INFO 10624 --- [S5-02-Virtual-Pet-App] [restartedMain] .e.DevToolsPropertyDefaultsPostProcessor : Devtools property defaults active! Set 'spring.devtools.add-properties' to 'false' to disable
2025-07-23T13:28:32.734+02:00  INFO 10624 --- [S5-02-Virtual-Pet-App] [restartedMain] .e.DevToolsPropertyDefaultsPostProcessor : For additional web related logging consider setting the 'logging.level.web' property to 'DEBUG'
2025-07-23T13:28:33.288+02:00  INFO 10624 --- [S5-02-Virtual-Pet-App] [restartedMain] .s.d.r.c.RepositoryConfigurationDelegate : Bootstrapping Spring Data MongoDB repositories in DEFAULT mode.
2025-07-23T13:28:33.331+02:00  INFO 10624 --- [S5-02-Virtual-Pet-App] [restartedMain] .s.d.r.c.RepositoryConfigurationDelegate : Finished Spring Data repository scanning in 38 ms. Found 2 MongoDB repository interfaces.
2025-07-23T13:28:33.658+02:00  INFO 10624 --- [S5-02-Virtual-Pet-App] [restartedMain] o.s.b.w.embedded.tomcat.TomcatWebServer  : Tomcat initialized with port 8080 (http)
2025-07-23T13:28:33.667+02:00  INFO 10624 --- [S5-02-Virtual-Pet-App] [restartedMain] o.apache.catalina.core.StandardService   : Starting service [Tomcat]
2025-07-23T13:28:33.669+02:00  INFO 10624 --- [S5-02-Virtual-Pet-App] [restartedMain] o.apache.catalina.core.StandardEngine    : Starting Servlet engine: [Apache Tomcat/10.1.42]
2025-07-23T13:28:33.694+02:00  INFO 10624 --- [S5-02-Virtual-Pet-App] [restartedMain] o.a.c.c.C.[Tomcat].[localhost].[/]       : Initializing Spring embedded WebApplicationContext
2025-07-23T13:28:33.695+02:00  INFO 10624 --- [S5-02-Virtual-Pet-App] [restartedMain] w.s.c.ServletWebServerApplicationContext : Root WebApplicationContext: initialization completed in 949 ms
2025-07-23T13:28:33.803+02:00  INFO 10624 --- [S5-02-Virtual-Pet-App] [restartedMain] org.mongodb.driver.client                : MongoClient with metadata {"driver": {"name": "mongo-java-driver|sync|spring-boot", "version": "5.5.1"}, "os": {"type": "Windows", "name": "Windows 11", "architecture": "amd64", "version": "10.0"}, "platform": "Java/Oracle Corporation/21.0.7+8-LTS-245"} created with settings MongoClientSettings{readPreference=primary, writeConcern=WriteConcern{w=null, wTimeout=null ms, journal=null}, retryWrites=true, retryReads=true, readConcern=ReadConcern{level=null}, credential=null, transportSettings=null, commandListeners=[], codecRegistry=ProvidersCodecRegistry{codecProviders=[ValueCodecProvider{}, BsonValueCodecProvider{}, DBRefCodecProvider{}, DBObjectCodecProvider{}, DocumentCodecProvider{}, CollectionCodecProvider{}, IterableCodecProvider{}, MapCodecProvider{}, GeoJsonCodecProvider{}, GridFSFileCodecProvider{}, Jsr310CodecProvider{}, JsonObjectCodecProvider{}, BsonCodecProvider{}, EnumCodecProvider{}, com.mongodb.client.model.mql.ExpressionCodecProvider@12d0c95c, com.mongodb.Jep395RecordCodecProvider@3c267ed7, com.mongodb.KotlinCodecProvider@7408e56]}, loggerSettings=LoggerSettings{maxDocumentLength=1000}, clusterSettings={hosts=[localhost:27017], srvServiceName=mongodb, mode=SINGLE, requiredClusterType=UNKNOWN, requiredReplicaSetName='null', serverSelector='null', clusterListeners='[]', serverSelectionTimeout='30000 ms', localThreshold='15 ms'}, socketSettings=SocketSettings{connectTimeoutMS=10000, readTimeoutMS=0, receiveBufferSize=0, proxySettings=ProxySettings{host=null, port=null, username=null, password=null}}, heartbeatSocketSettings=SocketSettings{connectTimeoutMS=10000, readTimeoutMS=10000, receiveBufferSize=0, proxySettings=ProxySettings{host=null, port=null, username=null, password=null}}, connectionPoolSettings=ConnectionPoolSettings{maxSize=100, minSize=0, maxWaitTimeMS=120000, maxConnectionLifeTimeMS=0, maxConnectionIdleTimeMS=0, maintenanceInitialDelayMS=0, maintenanceFrequencyMS=60000, connectionPoolListeners=[], maxConnecting=2}, serverSettings=ServerSettings{heartbeatFrequencyMS=10000, minHeartbeatFrequencyMS=500, serverMonitoringMode=AUTO, serverListeners='[]', serverMonitorListeners='[]'}, sslSettings=SslSettings{enabled=false, invalidHostNameAllowed=false, context=null}, applicationName='null', compressorList=[], uuidRepresentation=JAVA_LEGACY, serverApi=null, autoEncryptionSettings=null, dnsClient=null, inetAddressResolver=null, contextProvider=null, timeoutMS=null}
2025-07-23T13:28:33.827+02:00  INFO 10624 --- [S5-02-Virtual-Pet-App] [cluster-ClusterId{value='6880c761186ccc3d6f935be3', description='null'}-localhost:27017] org.mongodb.driver.cluster               : Monitor thread successfully connected to server with description ServerDescription{address=localhost:27017, type=STANDALONE, cryptd=false, state=CONNECTED, ok=true, minWireVersion=0, maxWireVersion=25, maxDocumentSize=16777216, logicalSessionTimeoutMinutes=30, roundTripTimeNanos=17765800, minRoundTripTimeNanos=0}
2025-07-23T13:28:34.062+02:00 DEBUG 10624 --- [S5-02-Virtual-Pet-App] [restartedMain] S.security.JwtAuthFilter                 : Filter 'jwtAuthFilter' configured for use
2025-07-23T13:28:34.071+02:00  INFO 10624 --- [S5-02-Virtual-Pet-App] [restartedMain] o.s.b.d.a.OptionalLiveReloadServer       : LiveReload server is running on port 35729
2025-07-23T13:28:34.331+02:00  INFO 10624 --- [S5-02-Virtual-Pet-App] [restartedMain] eAuthenticationProviderManagerConfigurer : Global AuthenticationManager configured with AuthenticationProvider bean with name daoAuthenticationProvider
2025-07-23T13:28:34.332+02:00  WARN 10624 --- [S5-02-Virtual-Pet-App] [restartedMain] r$InitializeUserDetailsManagerConfigurer : Global AuthenticationManager configured with an AuthenticationProvider bean. UserDetailsService beans will not be used by Spring Security for automatically configuring username/password login. Consider removing the AuthenticationProvider bean. Alternatively, consider using the UserDetailsService in a manually instantiated DaoAuthenticationProvider. If the current configuration is intentional, to turn off this warning, increase the logging level of 'org.springframework.security.config.annotation.authentication.configuration.InitializeUserDetailsBeanManagerConfigurer' to ERROR
2025-07-23T13:28:34.559+02:00  INFO 10624 --- [S5-02-Virtual-Pet-App] [restartedMain] o.s.b.w.embedded.tomcat.TomcatWebServer  : Tomcat started on port 8080 (http) with context path '/'
2025-07-23T13:28:34.564+02:00  INFO 10624 --- [S5-02-Virtual-Pet-App] [restartedMain] S.S502VirtualPetAppApplication           : Started S502VirtualPetAppApplication in 2.193 seconds (process running for 2.474)
2025-07-23T13:28:34.747+02:00  INFO 10624 --- [S5-02-Virtual-Pet-App] [http-nio-8080-exec-1] o.a.c.c.C.[Tomcat].[localhost].[/]       : Initializing Spring DispatcherServlet 'dispatcherServlet'
2025-07-23T13:28:34.747+02:00  INFO 10624 --- [S5-02-Virtual-Pet-App] [http-nio-8080-exec-1] o.s.web.servlet.DispatcherServlet        : Initializing Servlet 'dispatcherServlet'
2025-07-23T13:28:34.748+02:00  INFO 10624 --- [S5-02-Virtual-Pet-App] [http-nio-8080-exec-1] o.s.web.servlet.DispatcherServlet        : Completed initialization in 1 ms
2025-07-23T13:28:34.761+02:00  INFO 10624 --- [S5-02-Virtual-Pet-App] [http-nio-8080-exec-1] S.security.JwtAuthFilter                 : shouldNotFilter? /swagger-ui/index.html -> true
2025-07-23T13:28:34.765+02:00  INFO 10624 --- [S5-02-Virtual-Pet-App] [http-nio-8080-exec-1] S.security.JwtAuthFilter                 : shouldNotFilter? /swagger-ui/index.html -> true
2025-07-23T13:28:34.806+02:00  INFO 10624 --- [S5-02-Virtual-Pet-App] [http-nio-8080-exec-8] S.security.JwtAuthFilter                 : shouldNotFilter? /swagger-ui/index.css -> true
2025-07-23T13:28:34.806+02:00  INFO 10624 --- [S5-02-Virtual-Pet-App] [http-nio-8080-exec-2] S.security.JwtAuthFilter                 : shouldNotFilter? /swagger-ui/swagger-ui.css -> true
2025-07-23T13:28:34.808+02:00  INFO 10624 --- [S5-02-Virtual-Pet-App] [http-nio-8080-exec-3] S.security.JwtAuthFilter                 : shouldNotFilter? /swagger-ui/swagger-ui-bundle.js -> true
2025-07-23T13:28:34.808+02:00  INFO 10624 --- [S5-02-Virtual-Pet-App] [http-nio-8080-exec-2] S.security.JwtAuthFilter                 : shouldNotFilter? /swagger-ui/swagger-ui.css -> true
2025-07-23T13:28:34.808+02:00  INFO 10624 --- [S5-02-Virtual-Pet-App] [http-nio-8080-exec-8] S.security.JwtAuthFilter                 : shouldNotFilter? /swagger-ui/index.css -> true
2025-07-23T13:28:34.809+02:00  INFO 10624 --- [S5-02-Virtual-Pet-App] [http-nio-8080-exec-3] S.security.JwtAuthFilter                 : shouldNotFilter? /swagger-ui/swagger-ui-bundle.js -> true
2025-07-23T13:28:34.822+02:00  INFO 10624 --- [S5-02-Virtual-Pet-App] [http-nio-8080-exec-5] S.security.JwtAuthFilter                 : shouldNotFilter? /swagger-ui/swagger-ui-standalone-preset.js -> true
2025-07-23T13:28:34.823+02:00  INFO 10624 --- [S5-02-Virtual-Pet-App] [http-nio-8080-exec-5] S.security.JwtAuthFilter                 : shouldNotFilter? /swagger-ui/swagger-ui-standalone-preset.js -> true
2025-07-23T13:28:34.827+02:00  INFO 10624 --- [S5-02-Virtual-Pet-App] [http-nio-8080-exec-6] S.security.JwtAuthFilter                 : shouldNotFilter? /swagger-ui/swagger-initializer.js -> true
2025-07-23T13:28:34.829+02:00  INFO 10624 --- [S5-02-Virtual-Pet-App] [http-nio-8080-exec-6] S.security.JwtAuthFilter                 : shouldNotFilter? /swagger-ui/swagger-initializer.js -> true
2025-07-23T13:28:35.326+02:00  INFO 10624 --- [S5-02-Virtual-Pet-App] [http-nio-8080-exec-7] S.security.JwtAuthFilter                 : shouldNotFilter? /v3/api-docs/swagger-config -> true
2025-07-23T13:28:35.327+02:00  INFO 10624 --- [S5-02-Virtual-Pet-App] [http-nio-8080-exec-7] S.security.JwtAuthFilter                 : shouldNotFilter? /v3/api-docs/swagger-config -> true
2025-07-23T13:28:35.337+02:00  INFO 10624 --- [S5-02-Virtual-Pet-App] [http-nio-8080-exec-4] S.security.JwtAuthFilter                 : shouldNotFilter? /swagger-ui/favicon-32x32.png -> true
2025-07-23T13:28:35.337+02:00  INFO 10624 --- [S5-02-Virtual-Pet-App] [http-nio-8080-exec-4] S.security.JwtAuthFilter                 : shouldNotFilter? /swagger-ui/favicon-32x32.png -> true
2025-07-23T13:28:35.378+02:00  INFO 10624 --- [S5-02-Virtual-Pet-App] [http-nio-8080-exec-10] S.security.JwtAuthFilter                 : shouldNotFilter? /v3/api-docs -> true
2025-07-23T13:28:35.379+02:00  INFO 10624 --- [S5-02-Virtual-Pet-App] [http-nio-8080-exec-10] S.security.JwtAuthFilter                 : shouldNotFilter? /v3/api-docs -> true
2025-07-23T13:28:35.676+02:00  INFO 10624 --- [S5-02-Virtual-Pet-App] [http-nio-8080-exec-10] o.springdoc.api.AbstractOpenApiResource  : Init duration for springdoc-openapi is: 289 ms
2025-07-23T13:29:15.980+02:00  INFO 10624 --- [S5-02-Virtual-Pet-App] [http-nio-8080-exec-9] S.security.JwtAuthFilter                 : shouldNotFilter? /swagger-ui/index.html -> true
2025-07-23T13:29:15.981+02:00  INFO 10624 --- [S5-02-Virtual-Pet-App] [http-nio-8080-exec-9] S.security.JwtAuthFilter                 : shouldNotFilter? /swagger-ui/index.html -> true
2025-07-23T13:29:15.993+02:00  INFO 10624 --- [S5-02-Virtual-Pet-App] [http-nio-8080-exec-2] S.security.JwtAuthFilter                 : shouldNotFilter? /swagger-ui/swagger-ui-bundle.js -> true
2025-07-23T13:29:15.993+02:00  INFO 10624 --- [S5-02-Virtual-Pet-App] [http-nio-8080-exec-1] S.security.JwtAuthFilter                 : shouldNotFilter? /swagger-ui/swagger-ui.css -> true
2025-07-23T13:29:15.993+02:00  INFO 10624 --- [S5-02-Virtual-Pet-App] [http-nio-8080-exec-8] S.security.JwtAuthFilter                 : shouldNotFilter? /swagger-ui/index.css -> true
2025-07-23T13:29:15.994+02:00  INFO 10624 --- [S5-02-Virtual-Pet-App] [http-nio-8080-exec-2] S.security.JwtAuthFilter                 : shouldNotFilter? /swagger-ui/swagger-ui-bundle.js -> true
2025-07-23T13:29:15.995+02:00  INFO 10624 --- [S5-02-Virtual-Pet-App] [http-nio-8080-exec-8] S.security.JwtAuthFilter                 : shouldNotFilter? /swagger-ui/index.css -> true
2025-07-23T13:29:15.994+02:00  INFO 10624 --- [S5-02-Virtual-Pet-App] [http-nio-8080-exec-5] S.security.JwtAuthFilter                 : shouldNotFilter? /swagger-ui/swagger-ui-standalone-preset.js -> true
2025-07-23T13:29:15.994+02:00  INFO 10624 --- [S5-02-Virtual-Pet-App] [http-nio-8080-exec-3] S.security.JwtAuthFilter                 : shouldNotFilter? /swagger-ui/swagger-initializer.js -> true
2025-07-23T13:29:15.994+02:00  INFO 10624 --- [S5-02-Virtual-Pet-App] [http-nio-8080-exec-1] S.security.JwtAuthFilter                 : shouldNotFilter? /swagger-ui/swagger-ui.css -> true
2025-07-23T13:29:15.995+02:00  INFO 10624 --- [S5-02-Virtual-Pet-App] [http-nio-8080-exec-3] S.security.JwtAuthFilter                 : shouldNotFilter? /swagger-ui/swagger-initializer.js -> true
2025-07-23T13:29:15.995+02:00  INFO 10624 --- [S5-02-Virtual-Pet-App] [http-nio-8080-exec-5] S.security.JwtAuthFilter                 : shouldNotFilter? /swagger-ui/swagger-ui-standalone-preset.js -> true
2025-07-23T13:29:16.062+02:00  INFO 10624 --- [S5-02-Virtual-Pet-App] [http-nio-8080-exec-6] S.security.JwtAuthFilter                 : shouldNotFilter? /v3/api-docs/swagger-config -> true
2025-07-23T13:29:16.062+02:00  INFO 10624 --- [S5-02-Virtual-Pet-App] [http-nio-8080-exec-6] S.security.JwtAuthFilter                 : shouldNotFilter? /v3/api-docs/swagger-config -> true
2025-07-23T13:29:16.068+02:00  INFO 10624 --- [S5-02-Virtual-Pet-App] [http-nio-8080-exec-4] S.security.JwtAuthFilter                 : shouldNotFilter? /swagger-ui/favicon-32x32.png -> true
2025-07-23T13:29:16.068+02:00  INFO 10624 --- [S5-02-Virtual-Pet-App] [http-nio-8080-exec-4] S.security.JwtAuthFilter                 : shouldNotFilter? /swagger-ui/favicon-32x32.png -> true
2025-07-23T13:29:16.070+02:00  INFO 10624 --- [S5-02-Virtual-Pet-App] [http-nio-8080-exec-7] S.security.JwtAuthFilter                 : shouldNotFilter? /v3/api-docs -> true
2025-07-23T13:29:16.070+02:00  INFO 10624 --- [S5-02-Virtual-Pet-App] [http-nio-8080-exec-7] S.security.JwtAuthFilter                 : shouldNotFilter? /v3/api-docs -> true
2025-07-23T13:42:39.691+02:00  INFO 10624 --- [S5-02-Virtual-Pet-App] [http-nio-8080-exec-5] S.security.JwtAuthFilter                 : shouldNotFilter? /swagger-ui/index.html -> true
2025-07-23T13:42:39.692+02:00  INFO 10624 --- [S5-02-Virtual-Pet-App] [http-nio-8080-exec-5] S.security.JwtAuthFilter                 : shouldNotFilter? /swagger-ui/index.html -> true
2025-07-23T13:42:39.704+02:00  INFO 10624 --- [S5-02-Virtual-Pet-App] [http-nio-8080-exec-2] S.security.JwtAuthFilter                 : shouldNotFilter? /swagger-ui/swagger-ui.css -> true
2025-07-23T13:42:39.704+02:00  INFO 10624 --- [S5-02-Virtual-Pet-App] [http-nio-8080-exec-10] S.security.JwtAuthFilter                 : shouldNotFilter? /swagger-ui/swagger-initializer.js -> true
2025-07-23T13:42:39.704+02:00  INFO 10624 --- [S5-02-Virtual-Pet-App] [http-nio-8080-exec-6] S.security.JwtAuthFilter                 : shouldNotFilter? /swagger-ui/index.css -> true
2025-07-23T13:42:39.705+02:00  INFO 10624 --- [S5-02-Virtual-Pet-App] [http-nio-8080-exec-10] S.security.JwtAuthFilter                 : shouldNotFilter? /swagger-ui/swagger-initializer.js -> true
2025-07-23T13:42:39.704+02:00  INFO 10624 --- [S5-02-Virtual-Pet-App] [http-nio-8080-exec-4] S.security.JwtAuthFilter                 : shouldNotFilter? /swagger-ui/swagger-ui-bundle.js -> true
2025-07-23T13:42:39.704+02:00  INFO 10624 --- [S5-02-Virtual-Pet-App] [http-nio-8080-exec-7] S.security.JwtAuthFilter                 : shouldNotFilter? /swagger-ui/swagger-ui-standalone-preset.js -> true
2025-07-23T13:42:39.705+02:00  INFO 10624 --- [S5-02-Virtual-Pet-App] [http-nio-8080-exec-2] S.security.JwtAuthFilter                 : shouldNotFilter? /swagger-ui/swagger-ui.css -> true
2025-07-23T13:42:39.707+02:00  INFO 10624 --- [S5-02-Virtual-Pet-App] [http-nio-8080-exec-4] S.security.JwtAuthFilter                 : shouldNotFilter? /swagger-ui/swagger-ui-bundle.js -> true
2025-07-23T13:42:39.706+02:00  INFO 10624 --- [S5-02-Virtual-Pet-App] [http-nio-8080-exec-6] S.security.JwtAuthFilter                 : shouldNotFilter? /swagger-ui/index.css -> true
2025-07-23T13:42:39.707+02:00  INFO 10624 --- [S5-02-Virtual-Pet-App] [http-nio-8080-exec-7] S.security.JwtAuthFilter                 : shouldNotFilter? /swagger-ui/swagger-ui-standalone-preset.js -> true
2025-07-23T13:42:39.826+02:00  INFO 10624 --- [S5-02-Virtual-Pet-App] [http-nio-8080-exec-8] S.security.JwtAuthFilter                 : shouldNotFilter? /v3/api-docs/swagger-config -> true
2025-07-23T13:42:39.827+02:00  INFO 10624 --- [S5-02-Virtual-Pet-App] [http-nio-8080-exec-8] S.security.JwtAuthFilter                 : shouldNotFilter? /v3/api-docs/swagger-config -> true
2025-07-23T13:42:39.829+02:00  INFO 10624 --- [S5-02-Virtual-Pet-App] [http-nio-8080-exec-9] S.security.JwtAuthFilter                 : shouldNotFilter? /swagger-ui/favicon-32x32.png -> true
2025-07-23T13:42:39.830+02:00  INFO 10624 --- [S5-02-Virtual-Pet-App] [http-nio-8080-exec-9] S.security.JwtAuthFilter                 : shouldNotFilter? /swagger-ui/favicon-32x32.png -> true
2025-07-23T13:42:39.838+02:00  INFO 10624 --- [S5-02-Virtual-Pet-App] [http-nio-8080-exec-3] S.security.JwtAuthFilter                 : shouldNotFilter? /v3/api-docs -> true
2025-07-23T13:42:39.839+02:00  INFO 10624 --- [S5-02-Virtual-Pet-App] [http-nio-8080-exec-3] S.security.JwtAuthFilter                 : shouldNotFilter? /v3/api-docs -> true
2025-07-23T13:49:33.708+02:00  INFO 34960 --- [S5-02-Virtual-Pet-App] [restartedMain] S.S502VirtualPetAppApplication           : Starting S502VirtualPetAppApplication using Java 21.0.7 with PID 34960 (C:\Users\Rio\IdeaProjects\S5-02-Virtual-Pet-App\target\classes started by Rio in C:\Users\Rio\IdeaProjects\S5-02-Virtual-Pet-App)
2025-07-23T13:49:33.710+02:00 DEBUG 34960 --- [S5-02-Virtual-Pet-App] [restartedMain] S.S502VirtualPetAppApplication           : Running with Spring Boot v3.5.3, Spring v6.2.8
2025-07-23T13:49:33.711+02:00  INFO 34960 --- [S5-02-Virtual-Pet-App] [restartedMain] S.S502VirtualPetAppApplication           : No active profile set, falling back to 1 default profile: "default"
2025-07-23T13:49:33.743+02:00  INFO 34960 --- [S5-02-Virtual-Pet-App] [restartedMain] .e.DevToolsPropertyDefaultsPostProcessor : Devtools property defaults active! Set 'spring.devtools.add-properties' to 'false' to disable
2025-07-23T13:49:33.744+02:00  INFO 34960 --- [S5-02-Virtual-Pet-App] [restartedMain] .e.DevToolsPropertyDefaultsPostProcessor : For additional web related logging consider setting the 'logging.level.web' property to 'DEBUG'
2025-07-23T13:49:34.293+02:00  INFO 34960 --- [S5-02-Virtual-Pet-App] [restartedMain] .s.d.r.c.RepositoryConfigurationDelegate : Bootstrapping Spring Data MongoDB repositories in DEFAULT mode.
2025-07-23T13:49:34.333+02:00  INFO 34960 --- [S5-02-Virtual-Pet-App] [restartedMain] .s.d.r.c.RepositoryConfigurationDelegate : Finished Spring Data repository scanning in 36 ms. Found 2 MongoDB repository interfaces.
2025-07-23T13:49:34.650+02:00  INFO 34960 --- [S5-02-Virtual-Pet-App] [restartedMain] o.s.b.w.embedded.tomcat.TomcatWebServer  : Tomcat initialized with port 8080 (http)
2025-07-23T13:49:34.660+02:00  INFO 34960 --- [S5-02-Virtual-Pet-App] [restartedMain] o.apache.catalina.core.StandardService   : Starting service [Tomcat]
2025-07-23T13:49:34.660+02:00  INFO 34960 --- [S5-02-Virtual-Pet-App] [restartedMain] o.apache.catalina.core.StandardEngine    : Starting Servlet engine: [Apache Tomcat/10.1.42]
2025-07-23T13:49:34.691+02:00  INFO 34960 --- [S5-02-Virtual-Pet-App] [restartedMain] o.a.c.c.C.[Tomcat].[localhost].[/]       : Initializing Spring embedded WebApplicationContext
2025-07-23T13:49:34.691+02:00  INFO 34960 --- [S5-02-Virtual-Pet-App] [restartedMain] w.s.c.ServletWebServerApplicationContext : Root WebApplicationContext: initialization completed in 936 ms
2025-07-23T13:49:34.796+02:00  INFO 34960 --- [S5-02-Virtual-Pet-App] [restartedMain] org.mongodb.driver.client                : MongoClient with metadata {"driver": {"name": "mongo-java-driver|sync|spring-boot", "version": "5.5.1"}, "os": {"type": "Windows", "name": "Windows 11", "architecture": "amd64", "version": "10.0"}, "platform": "Java/Oracle Corporation/21.0.7+8-LTS-245"} created with settings MongoClientSettings{readPreference=primary, writeConcern=WriteConcern{w=null, wTimeout=null ms, journal=null}, retryWrites=true, retryReads=true, readConcern=ReadConcern{level=null}, credential=null, transportSettings=null, commandListeners=[], codecRegistry=ProvidersCodecRegistry{codecProviders=[ValueCodecProvider{}, BsonValueCodecProvider{}, DBRefCodecProvider{}, DBObjectCodecProvider{}, DocumentCodecProvider{}, CollectionCodecProvider{}, IterableCodecProvider{}, MapCodecProvider{}, GeoJsonCodecProvider{}, GridFSFileCodecProvider{}, Jsr310CodecProvider{}, JsonObjectCodecProvider{}, BsonCodecProvider{}, EnumCodecProvider{}, com.mongodb.client.model.mql.ExpressionCodecProvider@3e3619fe, com.mongodb.Jep395RecordCodecProvider@31e91829, com.mongodb.KotlinCodecProvider@3258027c]}, loggerSettings=LoggerSettings{maxDocumentLength=1000}, clusterSettings={hosts=[localhost:27017], srvServiceName=mongodb, mode=SINGLE, requiredClusterType=UNKNOWN, requiredReplicaSetName='null', serverSelector='null', clusterListeners='[]', serverSelectionTimeout='30000 ms', localThreshold='15 ms'}, socketSettings=SocketSettings{connectTimeoutMS=10000, readTimeoutMS=0, receiveBufferSize=0, proxySettings=ProxySettings{host=null, port=null, username=null, password=null}}, heartbeatSocketSettings=SocketSettings{connectTimeoutMS=10000, readTimeoutMS=10000, receiveBufferSize=0, proxySettings=ProxySettings{host=null, port=null, username=null, password=null}}, connectionPoolSettings=ConnectionPoolSettings{maxSize=100, minSize=0, maxWaitTimeMS=120000, maxConnectionLifeTimeMS=0, maxConnectionIdleTimeMS=0, maintenanceInitialDelayMS=0, maintenanceFrequencyMS=60000, connectionPoolListeners=[], maxConnecting=2}, serverSettings=ServerSettings{heartbeatFrequencyMS=10000, minHeartbeatFrequencyMS=500, serverMonitoringMode=AUTO, serverListeners='[]', serverMonitorListeners='[]'}, sslSettings=SslSettings{enabled=false, invalidHostNameAllowed=false, context=null}, applicationName='null', compressorList=[], uuidRepresentation=JAVA_LEGACY, serverApi=null, autoEncryptionSettings=null, dnsClient=null, inetAddressResolver=null, contextProvider=null, timeoutMS=null}
2025-07-23T13:49:34.815+02:00  INFO 34960 --- [S5-02-Virtual-Pet-App] [cluster-ClusterId{value='6880cc4e45983be1b6d3b6e4', description='null'}-localhost:27017] org.mongodb.driver.cluster               : Monitor thread successfully connected to server with description ServerDescription{address=localhost:27017, type=STANDALONE, cryptd=false, state=CONNECTED, ok=true, minWireVersion=0, maxWireVersion=25, maxDocumentSize=16777216, logicalSessionTimeoutMinutes=30, roundTripTimeNanos=12719600, minRoundTripTimeNanos=0}
2025-07-23T13:49:35.056+02:00 DEBUG 34960 --- [S5-02-Virtual-Pet-App] [restartedMain] S.security.JwtAuthFilter                 : Filter 'jwtAuthFilter' configured for use
2025-07-23T13:49:35.066+02:00  INFO 34960 --- [S5-02-Virtual-Pet-App] [restartedMain] o.s.b.d.a.OptionalLiveReloadServer       : LiveReload server is running on port 35729
2025-07-23T13:49:35.312+02:00  INFO 34960 --- [S5-02-Virtual-Pet-App] [restartedMain] eAuthenticationProviderManagerConfigurer : Global AuthenticationManager configured with AuthenticationProvider bean with name daoAuthenticationProvider
2025-07-23T13:49:35.313+02:00  WARN 34960 --- [S5-02-Virtual-Pet-App] [restartedMain] r$InitializeUserDetailsManagerConfigurer : Global AuthenticationManager configured with an AuthenticationProvider bean. UserDetailsService beans will not be used by Spring Security for automatically configuring username/password login. Consider removing the AuthenticationProvider bean. Alternatively, consider using the UserDetailsService in a manually instantiated DaoAuthenticationProvider. If the current configuration is intentional, to turn off this warning, increase the logging level of 'org.springframework.security.config.annotation.authentication.configuration.InitializeUserDetailsBeanManagerConfigurer' to ERROR
2025-07-23T13:49:35.550+02:00  INFO 34960 --- [S5-02-Virtual-Pet-App] [restartedMain] o.s.b.w.embedded.tomcat.TomcatWebServer  : Tomcat started on port 8080 (http) with context path '/'
2025-07-23T13:49:35.555+02:00  INFO 34960 --- [S5-02-Virtual-Pet-App] [restartedMain] S.S502VirtualPetAppApplication           : Started S502VirtualPetAppApplication in 2.153 seconds (process running for 2.426)
2025-07-23T13:49:43.854+02:00  INFO 34960 --- [S5-02-Virtual-Pet-App] [http-nio-8080-exec-1] o.a.c.c.C.[Tomcat].[localhost].[/]       : Initializing Spring DispatcherServlet 'dispatcherServlet'
2025-07-23T13:49:43.854+02:00  INFO 34960 --- [S5-02-Virtual-Pet-App] [http-nio-8080-exec-1] o.s.web.servlet.DispatcherServlet        : Initializing Servlet 'dispatcherServlet'
2025-07-23T13:49:43.859+02:00  INFO 34960 --- [S5-02-Virtual-Pet-App] [http-nio-8080-exec-1] o.s.web.servlet.DispatcherServlet        : Completed initialization in 3 ms
2025-07-23T13:49:43.926+02:00  INFO 34960 --- [S5-02-Virtual-Pet-App] [http-nio-8080-exec-1] S.security.JwtAuthFilter                 : shouldNotFilter? /swagger-ui/index.html -> true
2025-07-23T13:49:43.939+02:00  INFO 34960 --- [S5-02-Virtual-Pet-App] [http-nio-8080-exec-1] S.security.JwtAuthFilter                 : shouldNotFilter? /swagger-ui/index.html -> true
2025-07-23T13:49:44.001+02:00  INFO 34960 --- [S5-02-Virtual-Pet-App] [http-nio-8080-exec-3] S.security.JwtAuthFilter                 : shouldNotFilter? /swagger-ui/swagger-ui.css -> true
2025-07-23T13:49:44.001+02:00  INFO 34960 --- [S5-02-Virtual-Pet-App] [http-nio-8080-exec-4] S.security.JwtAuthFilter                 : shouldNotFilter? /swagger-ui/index.css -> true
2025-07-23T13:49:44.002+02:00  INFO 34960 --- [S5-02-Virtual-Pet-App] [http-nio-8080-exec-6] S.security.JwtAuthFilter                 : shouldNotFilter? /swagger-ui/swagger-ui-bundle.js -> true
2025-07-23T13:49:44.002+02:00  INFO 34960 --- [S5-02-Virtual-Pet-App] [http-nio-8080-exec-2] S.security.JwtAuthFilter                 : shouldNotFilter? /swagger-ui/swagger-ui-standalone-preset.js -> true
2025-07-23T13:49:44.002+02:00  INFO 34960 --- [S5-02-Virtual-Pet-App] [http-nio-8080-exec-5] S.security.JwtAuthFilter                 : shouldNotFilter? /swagger-ui/swagger-initializer.js -> true
2025-07-23T13:49:44.003+02:00  INFO 34960 --- [S5-02-Virtual-Pet-App] [http-nio-8080-exec-3] S.security.JwtAuthFilter                 : shouldNotFilter? /swagger-ui/swagger-ui.css -> true
2025-07-23T13:49:44.003+02:00  INFO 34960 --- [S5-02-Virtual-Pet-App] [http-nio-8080-exec-4] S.security.JwtAuthFilter                 : shouldNotFilter? /swagger-ui/index.css -> true
2025-07-23T13:49:44.003+02:00  INFO 34960 --- [S5-02-Virtual-Pet-App] [http-nio-8080-exec-6] S.security.JwtAuthFilter                 : shouldNotFilter? /swagger-ui/swagger-ui-bundle.js -> true
2025-07-23T13:49:44.003+02:00  INFO 34960 --- [S5-02-Virtual-Pet-App] [http-nio-8080-exec-2] S.security.JwtAuthFilter                 : shouldNotFilter? /swagger-ui/swagger-ui-standalone-preset.js -> true
2025-07-23T13:49:44.003+02:00  INFO 34960 --- [S5-02-Virtual-Pet-App] [http-nio-8080-exec-5] S.security.JwtAuthFilter                 : shouldNotFilter? /swagger-ui/swagger-initializer.js -> true
2025-07-23T13:49:44.136+02:00  INFO 34960 --- [S5-02-Virtual-Pet-App] [http-nio-8080-exec-8] S.security.JwtAuthFilter                 : shouldNotFilter? /v3/api-docs/swagger-config -> true
2025-07-23T13:49:44.136+02:00  INFO 34960 --- [S5-02-Virtual-Pet-App] [http-nio-8080-exec-8] S.security.JwtAuthFilter                 : shouldNotFilter? /v3/api-docs/swagger-config -> true
2025-07-23T13:49:44.177+02:00  INFO 34960 --- [S5-02-Virtual-Pet-App] [http-nio-8080-exec-7] S.security.JwtAuthFilter                 : shouldNotFilter? /v3/api-docs -> true
2025-07-23T13:49:44.177+02:00  INFO 34960 --- [S5-02-Virtual-Pet-App] [http-nio-8080-exec-7] S.security.JwtAuthFilter                 : shouldNotFilter? /v3/api-docs -> true
2025-07-23T13:49:45.147+02:00  INFO 34960 --- [S5-02-Virtual-Pet-App] [http-nio-8080-exec-7] o.springdoc.api.AbstractOpenApiResource  : Init duration for springdoc-openapi is: 954 ms
2025-07-23T13:51:31.814+02:00  INFO 22780 --- [S5-02-Virtual-Pet-App] [restartedMain] S.S502VirtualPetAppApplication           : Starting S502VirtualPetAppApplication using Java 21.0.7 with PID 22780 (C:\Users\Rio\IdeaProjects\S5-02-Virtual-Pet-App\target\classes started by Rio in C:\Users\Rio\IdeaProjects\S5-02-Virtual-Pet-App)
2025-07-23T13:51:31.815+02:00 DEBUG 22780 --- [S5-02-Virtual-Pet-App] [restartedMain] S.S502VirtualPetAppApplication           : Running with Spring Boot v3.5.3, Spring v6.2.8
2025-07-23T13:51:31.816+02:00  INFO 22780 --- [S5-02-Virtual-Pet-App] [restartedMain] S.S502VirtualPetAppApplication           : No active profile set, falling back to 1 default profile: "default"
2025-07-23T13:51:31.852+02:00  INFO 22780 --- [S5-02-Virtual-Pet-App] [restartedMain] .e.DevToolsPropertyDefaultsPostProcessor : Devtools property defaults active! Set 'spring.devtools.add-properties' to 'false' to disable
2025-07-23T13:51:31.852+02:00  INFO 22780 --- [S5-02-Virtual-Pet-App] [restartedMain] .e.DevToolsPropertyDefaultsPostProcessor : For additional web related logging consider setting the 'logging.level.web' property to 'DEBUG'
2025-07-23T13:51:32.381+02:00  INFO 22780 --- [S5-02-Virtual-Pet-App] [restartedMain] .s.d.r.c.RepositoryConfigurationDelegate : Bootstrapping Spring Data MongoDB repositories in DEFAULT mode.
2025-07-23T13:51:32.421+02:00  INFO 22780 --- [S5-02-Virtual-Pet-App] [restartedMain] .s.d.r.c.RepositoryConfigurationDelegate : Finished Spring Data repository scanning in 36 ms. Found 2 MongoDB repository interfaces.
2025-07-23T13:51:32.742+02:00  INFO 22780 --- [S5-02-Virtual-Pet-App] [restartedMain] o.s.b.w.embedded.tomcat.TomcatWebServer  : Tomcat initialized with port 8080 (http)
2025-07-23T13:51:32.751+02:00  INFO 22780 --- [S5-02-Virtual-Pet-App] [restartedMain] o.apache.catalina.core.StandardService   : Starting service [Tomcat]
2025-07-23T13:51:32.752+02:00  INFO 22780 --- [S5-02-Virtual-Pet-App] [restartedMain] o.apache.catalina.core.StandardEngine    : Starting Servlet engine: [Apache Tomcat/10.1.42]
2025-07-23T13:51:32.782+02:00  INFO 22780 --- [S5-02-Virtual-Pet-App] [restartedMain] o.a.c.c.C.[Tomcat].[localhost].[/]       : Initializing Spring embedded WebApplicationContext
2025-07-23T13:51:32.783+02:00  INFO 22780 --- [S5-02-Virtual-Pet-App] [restartedMain] w.s.c.ServletWebServerApplicationContext : Root WebApplicationContext: initialization completed in 921 ms
2025-07-23T13:51:32.888+02:00  INFO 22780 --- [S5-02-Virtual-Pet-App] [restartedMain] org.mongodb.driver.client                : MongoClient with metadata {"driver": {"name": "mongo-java-driver|sync|spring-boot", "version": "5.5.1"}, "os": {"type": "Windows", "name": "Windows 11", "architecture": "amd64", "version": "10.0"}, "platform": "Java/Oracle Corporation/21.0.7+8-LTS-245"} created with settings MongoClientSettings{readPreference=primary, writeConcern=WriteConcern{w=null, wTimeout=null ms, journal=null}, retryWrites=true, retryReads=true, readConcern=ReadConcern{level=null}, credential=null, transportSettings=null, commandListeners=[], codecRegistry=ProvidersCodecRegistry{codecProviders=[ValueCodecProvider{}, BsonValueCodecProvider{}, DBRefCodecProvider{}, DBObjectCodecProvider{}, DocumentCodecProvider{}, CollectionCodecProvider{}, IterableCodecProvider{}, MapCodecProvider{}, GeoJsonCodecProvider{}, GridFSFileCodecProvider{}, Jsr310CodecProvider{}, JsonObjectCodecProvider{}, BsonCodecProvider{}, EnumCodecProvider{}, com.mongodb.client.model.mql.ExpressionCodecProvider@12d0c95c, com.mongodb.Jep395RecordCodecProvider@3c267ed7, com.mongodb.KotlinCodecProvider@7408e56]}, loggerSettings=LoggerSettings{maxDocumentLength=1000}, clusterSettings={hosts=[localhost:27017], srvServiceName=mongodb, mode=SINGLE, requiredClusterType=UNKNOWN, requiredReplicaSetName='null', serverSelector='null', clusterListeners='[]', serverSelectionTimeout='30000 ms', localThreshold='15 ms'}, socketSettings=SocketSettings{connectTimeoutMS=10000, readTimeoutMS=0, receiveBufferSize=0, proxySettings=ProxySettings{host=null, port=null, username=null, password=null}}, heartbeatSocketSettings=SocketSettings{connectTimeoutMS=10000, readTimeoutMS=10000, receiveBufferSize=0, proxySettings=ProxySettings{host=null, port=null, username=null, password=null}}, connectionPoolSettings=ConnectionPoolSettings{maxSize=100, minSize=0, maxWaitTimeMS=120000, maxConnectionLifeTimeMS=0, maxConnectionIdleTimeMS=0, maintenanceInitialDelayMS=0, maintenanceFrequencyMS=60000, connectionPoolListeners=[], maxConnecting=2}, serverSettings=ServerSettings{heartbeatFrequencyMS=10000, minHeartbeatFrequencyMS=500, serverMonitoringMode=AUTO, serverListeners='[]', serverMonitorListeners='[]'}, sslSettings=SslSettings{enabled=false, invalidHostNameAllowed=false, context=null}, applicationName='null', compressorList=[], uuidRepresentation=JAVA_LEGACY, serverApi=null, autoEncryptionSettings=null, dnsClient=null, inetAddressResolver=null, contextProvider=null, timeoutMS=null}
2025-07-23T13:51:32.908+02:00  INFO 22780 --- [S5-02-Virtual-Pet-App] [cluster-ClusterId{value='6880ccc48da56559283d7114', description='null'}-localhost:27017] org.mongodb.driver.cluster               : Monitor thread successfully connected to server with description ServerDescription{address=localhost:27017, type=STANDALONE, cryptd=false, state=CONNECTED, ok=true, minWireVersion=0, maxWireVersion=25, maxDocumentSize=16777216, logicalSessionTimeoutMinutes=30, roundTripTimeNanos=13935600, minRoundTripTimeNanos=0}
2025-07-23T13:51:33.144+02:00 DEBUG 22780 --- [S5-02-Virtual-Pet-App] [restartedMain] S.security.JwtAuthFilter                 : Filter 'jwtAuthFilter' configured for use
2025-07-23T13:51:33.154+02:00  INFO 22780 --- [S5-02-Virtual-Pet-App] [restartedMain] o.s.b.d.a.OptionalLiveReloadServer       : LiveReload server is running on port 35729
2025-07-23T13:51:33.394+02:00  INFO 22780 --- [S5-02-Virtual-Pet-App] [restartedMain] eAuthenticationProviderManagerConfigurer : Global AuthenticationManager configured with AuthenticationProvider bean with name daoAuthenticationProvider
2025-07-23T13:51:33.395+02:00  WARN 22780 --- [S5-02-Virtual-Pet-App] [restartedMain] r$InitializeUserDetailsManagerConfigurer : Global AuthenticationManager configured with an AuthenticationProvider bean. UserDetailsService beans will not be used by Spring Security for automatically configuring username/password login. Consider removing the AuthenticationProvider bean. Alternatively, consider using the UserDetailsService in a manually instantiated DaoAuthenticationProvider. If the current configuration is intentional, to turn off this warning, increase the logging level of 'org.springframework.security.config.annotation.authentication.configuration.InitializeUserDetailsBeanManagerConfigurer' to ERROR
2025-07-23T13:51:33.618+02:00  INFO 22780 --- [S5-02-Virtual-Pet-App] [restartedMain] o.s.b.w.embedded.tomcat.TomcatWebServer  : Tomcat started on port 8080 (http) with context path '/'
2025-07-23T13:51:33.623+02:00  INFO 22780 --- [S5-02-Virtual-Pet-App] [restartedMain] S.S502VirtualPetAppApplication           : Started S502VirtualPetAppApplication in 2.124 seconds (process running for 2.398)
2025-07-23T13:51:38.590+02:00  INFO 22780 --- [S5-02-Virtual-Pet-App] [http-nio-8080-exec-1] o.a.c.c.C.[Tomcat].[localhost].[/]       : Initializing Spring DispatcherServlet 'dispatcherServlet'
2025-07-23T13:51:38.591+02:00  INFO 22780 --- [S5-02-Virtual-Pet-App] [http-nio-8080-exec-1] o.s.web.servlet.DispatcherServlet        : Initializing Servlet 'dispatcherServlet'
2025-07-23T13:51:38.592+02:00  INFO 22780 --- [S5-02-Virtual-Pet-App] [http-nio-8080-exec-1] o.s.web.servlet.DispatcherServlet        : Completed initialization in 1 ms
2025-07-23T13:51:38.604+02:00  INFO 22780 --- [S5-02-Virtual-Pet-App] [http-nio-8080-exec-1] S.security.JwtAuthFilter                 : shouldNotFilter? /swagger-ui/index.html -> true
2025-07-23T13:51:38.607+02:00  INFO 22780 --- [S5-02-Virtual-Pet-App] [http-nio-8080-exec-1] S.security.JwtAuthFilter                 : shouldNotFilter? /swagger-ui/index.html -> true
2025-07-23T13:51:38.634+02:00  INFO 22780 --- [S5-02-Virtual-Pet-App] [http-nio-8080-exec-4] S.security.JwtAuthFilter                 : shouldNotFilter? /swagger-ui/swagger-ui-standalone-preset.js -> true
2025-07-23T13:51:38.635+02:00  INFO 22780 --- [S5-02-Virtual-Pet-App] [http-nio-8080-exec-2] S.security.JwtAuthFilter                 : shouldNotFilter? /swagger-ui/index.css -> true
2025-07-23T13:51:38.635+02:00  INFO 22780 --- [S5-02-Virtual-Pet-App] [http-nio-8080-exec-5] S.security.JwtAuthFilter                 : shouldNotFilter? /swagger-ui/swagger-ui.css -> true
2025-07-23T13:51:38.635+02:00  INFO 22780 --- [S5-02-Virtual-Pet-App] [http-nio-8080-exec-7] S.security.JwtAuthFilter                 : shouldNotFilter? /swagger-ui/swagger-initializer.js -> true
2025-07-23T13:51:38.635+02:00  INFO 22780 --- [S5-02-Virtual-Pet-App] [http-nio-8080-exec-6] S.security.JwtAuthFilter                 : shouldNotFilter? /swagger-ui/swagger-ui-bundle.js -> true
2025-07-23T13:51:38.637+02:00  INFO 22780 --- [S5-02-Virtual-Pet-App] [http-nio-8080-exec-7] S.security.JwtAuthFilter                 : shouldNotFilter? /swagger-ui/swagger-initializer.js -> true
2025-07-23T13:51:38.635+02:00  INFO 22780 --- [S5-02-Virtual-Pet-App] [http-nio-8080-exec-4] S.security.JwtAuthFilter                 : shouldNotFilter? /swagger-ui/swagger-ui-standalone-preset.js -> true
2025-07-23T13:51:38.637+02:00  INFO 22780 --- [S5-02-Virtual-Pet-App] [http-nio-8080-exec-6] S.security.JwtAuthFilter                 : shouldNotFilter? /swagger-ui/swagger-ui-bundle.js -> true
2025-07-23T13:51:38.636+02:00  INFO 22780 --- [S5-02-Virtual-Pet-App] [http-nio-8080-exec-2] S.security.JwtAuthFilter                 : shouldNotFilter? /swagger-ui/index.css -> true
2025-07-23T13:51:38.636+02:00  INFO 22780 --- [S5-02-Virtual-Pet-App] [http-nio-8080-exec-5] S.security.JwtAuthFilter                 : shouldNotFilter? /swagger-ui/swagger-ui.css -> true
2025-07-23T13:51:38.711+02:00  INFO 22780 --- [S5-02-Virtual-Pet-App] [http-nio-8080-exec-3] S.security.JwtAuthFilter                 : shouldNotFilter? /v3/api-docs/swagger-config -> true
2025-07-23T13:51:38.712+02:00  INFO 22780 --- [S5-02-Virtual-Pet-App] [http-nio-8080-exec-3] S.security.JwtAuthFilter                 : shouldNotFilter? /v3/api-docs/swagger-config -> true
2025-07-23T13:51:38.712+02:00  INFO 22780 --- [S5-02-Virtual-Pet-App] [http-nio-8080-exec-9] S.security.JwtAuthFilter                 : shouldNotFilter? /swagger-ui/favicon-32x32.png -> true
2025-07-23T13:51:38.712+02:00  INFO 22780 --- [S5-02-Virtual-Pet-App] [http-nio-8080-exec-9] S.security.JwtAuthFilter                 : shouldNotFilter? /swagger-ui/favicon-32x32.png -> true
2025-07-23T13:51:38.731+02:00  INFO 22780 --- [S5-02-Virtual-Pet-App] [http-nio-8080-exec-8] S.security.JwtAuthFilter                 : shouldNotFilter? /v3/api-docs -> true
2025-07-23T13:51:38.732+02:00  INFO 22780 --- [S5-02-Virtual-Pet-App] [http-nio-8080-exec-8] S.security.JwtAuthFilter                 : shouldNotFilter? /v3/api-docs -> true
2025-07-23T13:51:39.044+02:00  INFO 22780 --- [S5-02-Virtual-Pet-App] [http-nio-8080-exec-8] o.springdoc.api.AbstractOpenApiResource  : Init duration for springdoc-openapi is: 304 ms
